1712751788737:sfxfgfd
1712751820384:Say hello
1712751912650:Say-hello
1712752002247:hello adaam
1712752053574:daam
1712752059435:hello adam
1712752083017:hello Sins
1712752207156:h asd
1712752214322:hello asd
1712752289073:asd
1712752318677:hello asd
1712752323627:asd
1712752345627:value asd
1712753916481:hello world
1712753923199:exit
1712754169613:hello
1712754182225:hello Adam
1712754220800:hello adam
1712754372653:hello p
1713875846470:all
1713875856607:hello
1713875876698:hello --name Gaddam
1713875918493:all --name Gaddam
1713876044942:person --name dd
1713876237547:person --name harsha
1713876371501:person --name Harsha
1713877931716:person --name ss
1713878086834:person --name aaa
1713878128307:person --name asfd
1713878169623:person --name all
1713878962143:person --name alu
1713936056011:person --name adam
1713936550497:exit
1713937049351:person
1713937304712:login --name adam --pass adam
1713937378566:login --name a --pass a
1713937391547:a
1713937614605:all
1713937630348:second
1713937637591:help
1713937781839:login --name Ada --pass aem
1713937804898:logout
1713938071836:login --un adam --p 123
1713938138009:login --un adam -p pass
1713939103773:p
1713939113001:p -- all
1713939204008:p --name all
1713939244064:p --name Joe
1713939596985:all
1713939896946:login --un Admin --p add
1713939928825:login --username Admin --password nama
1713939934529:all
1713939976454:login --username admin --password aa
1713939978245:all
1713940876591:login admin pass
1713940946318:login admin 123
1713940961954:login admin
1713940977089:login
1713940984795:logout
1713940994068:login admin
1713941314541:login user pass
1713941323504:logout
1713941330125:login a
1713941354592:stacktrace
1713941434455:login a
1713941473272:login a p
1713941483592:logout
1713941922885:login a s
1713941940906:stacktrace
1713942027268:login n m
1713942153736:login
1713942160567:login a
1713942168762:login a b
1713942172011:login b
1713942533979:login a b
1713942541669:login a f
1713942554067:login b s
1713942619178:login a b
1713942632551:login b a
1713942640793:logout
1713942782028:login a b
1713943016657:stacktrace
1713943062316:try-login a n
1713943129899:try-login a b
1713943152698:try-login b a
1713943674665:logout
1713943684178:stacktrace
1713947674769:get
1713947682130:login a b
1713947880228:stacktrace
1713948048820:login s f
1713948056109:login b g
1713948400213:stacktrace
1713948602095:login a d
1713948682161:login a b
1713948778744:login asd b
1713949067967:login asdf asdf
1713949101594:login a v
1713949325407:login a b
1713949369352:exit
1713949812567:all
1713949817987:login
1713949829531:login aa aa
1713949914990:try-login aa dd
1713949928116:login aa aa
1713949939130:try-login aa bb
1713950089873:login aa bb
1713950325752:logout
1713950458408:login aaa bbb
1713950467792:login aaa
1713950478074:login aa bb
1713950485433:logout
1713950510256:login admin admin
1713950516781:all
1713950527903:logout
1713950959823:login aa dd
1713951001731:login aa bb
1713951006806:logout
1713951838724:login aa bb
1713951842239:logout
1713951849368:y
1713951857472:logout
1713952578150:login aa gg
1713952587234:logout
1713952728797:login aa ff
1713952731743:logout
1713952991082:all
1713952998030:login aa bb
1713953004565:logout
1713953266805:login aa bb
1713953271168:logout
1713955373101:login 123 123
1713955377807:logout
1713955905142:login aa ff
1713955910361:logout
1713955922631:login aa bb
1713955930819:logout
1713956063144:login aa gg
1713956066974:logout
1713956108198:login aa bb
1713956308416:logout
1713956545626:login aa bb
1713956550659:logout
1713956685540:all
1713956692411:login aa bb
1713956696909:logout
1713956714589:login Admin admin
1713956722880:all
1713956995626:login Adam adam
1713957002263:logout
1713957909935:login admin a
1713957913188:\\all
1713958047983:login admin a
1713958049661:all
1713958086215:login admin a
1713958093579:all
1713958152479:login admin all
1713958154969:all
1713961952367:person adam
1713962000901:person Adaam
1713962012414:person Adam
1713963204281:all
1713963529529:login aa bb
1713963541785:login
1713963553753:logout
1713963638273:all
1713963660992:login admin ad
1713963662928:all
1713963691054:exit
1714027041653:login adam join
1714027051672:login aa dd
1714027598944:person -- Adam
1714027621840:login Adam Ada
1714027632389:person Adam
1714027707869:login Adam aa
1714027725661:p Adam
1714027945374:p Adam Simp
1714028133760:p --name Adam Simp
1714028246097:p "Adam Simp"
1714030828978:login adam
1714030864770:login Adam hh
1714030875200:person Adam
1714030901028:person "Adam Simp\n"
1714030960713:login Adam aa
1714030971826:p "Adam Simp"
1714031163326:login adam aa
1714031175822:p "Adam Simp"
1714370919631:callGetAll
1714371701528:stacktrace
1714371799127:callGetAll
1714385183098:exit
