1712812685101:1
1712812804235:web-get www.google.com
1712812866351:wg google.com
1712812927383:web-get
1712812947302:wg
1712812997367:web-get
1712813045496:package com.cli.springcli;
1712813045499:import org.springframework.shell.core.CommandMarker;
1712813045503:import org.springframework.shell.core.annotation.CliCommand;
1712813045507:import org.springframework.shell.core.annotation.CliOption;
1712813045510:import org.springframework.stereotype.Component;
1712813045513:import java.io.FileNotFoundException;
1712813045515:import java.io.PrintWriter;
1712813045517:@Component
1712813045520:public class SimpleCLI implements CommandMarker {
1712813060698:}web-get --url google.com
1712813088037:web-get --url https://www.google.com
1712817899308:all
1712820216438:getById
1712820228973:help
1712820246879:get-by-id
1712820266110:get-by-id --id 01
1712820321101:help
1712820332984:all
1712820349769:get-by-id --id 02
1712820650251:get-by-id --id 2
1712820721800:get-by-id --id 01
1712820763530:all
1712821194811:get-by-id --id 02
1712821387966:get-by-id --02
1712821406413:get-by-id --id 02
1712821844218:get=by-id --id 01
1712821856041:get-by-id --id 02
1712821863305:help
1712825804897:callGetAll
1712825895649:call
1712825898619:all
1712826041614:call-get-by-id --id 01
1712826487342:hello
1712826729656:help
1712826738205:hello
1712826755106:callGetAll
1712826783437:all
1712826805344:get-by-id --id 02
1712826982170:all
1712830929725:allJson
1712830943570:all
1712831029069:allJson
1712832237751:movie --name Adam
1712832546848:movie --name Schezwan Fried Rice
1712832582408:movie --name Arrabiata
1712832622723:stacktrace
1712832820040:food --name Arrabiata
1712832993550:movie --name Arrabiata
1712833019413:stacktrace
1712833439513:catFact
1712833445676:cat
1712833491880:help
1712833863260:cat
1712834211912:all
1712834219883:cat
1712834423428:all
1712834440307:start
1712835015123:ggh
1712835059652:all
1712835086820:allJson
1712905488176:help
1712907237518:all
1712907252782:get-by-id --id 02
1713183926310:help
1713183936275:all
1713183941485:help
1713183949275:allJson
1713185097118:all
1713185144650:allJson
1713246101903:ll
1713246719221:help
1713246727259:country-codes
1713247001846:country-codes --code IN
1713247492312:country-code --code FL
1713247687359:country-codes --code FL
1713247899356:country-codes --code fl
1713247940418:country-codes --code SD
1713248542892:c-c-tree
1713248926052:c-c
1713249079568:stacktrace
1713249195639:c-c
1713249292556:help
1713249312822:all
1713251651667:all --format
1713251956350:all --format json
1713252031823:all --format tree
1713253189678:all --format tablr
1713253207993:all --format table
1713253552537:all --format json
1713253596437:all --format tree
1713253609651:all --format json
1713257751605:all
1713258084955:help
1713258182815:a
1713258188243:all
1713258239645:help
1713258243730:a
1713258392557:help
1713258721098:all
1713258730430:clear
1713259019933:help
1713260359791:all
1713338620448:help
1713338631597:all
1713338656459:help
1714371754222:callGetAll
